0 info it worked if it ends with ok
1 verbose cli [ 'node',
1 verbose cli   'C:\\Users\\avx12\\AppData\\Roaming\\npm\\node_modules\\npm\\bin\\npm-cli.js',
1 verbose cli   'install',
1 verbose cli   'grunt-sass-compile-import' ]
2 info using npm@2.0.2
3 info using node@v0.10.32
4 warn package.json uiFramework@2.1.0 No repository field.
5 verbose readDependencies using package.json deps
6 verbose cache add [ 'grunt-sass-compile-import', null ]
7 verbose cache add spec="grunt-sass-compile-import" args=["grunt-sass-compile-import",null]
8 verbose parsed spec { raw: 'grunt-sass-compile-import',
8 verbose parsed spec   scope: null,
8 verbose parsed spec   name: 'grunt-sass-compile-import',
8 verbose parsed spec   rawSpec: '',
8 verbose parsed spec   spec: '*',
8 verbose parsed spec   type: 'range' }
9 verbose parsed spec { raw: 'grunt-sass-compile-import',
9 verbose parsed spec   scope: null,
9 verbose parsed spec   name: 'grunt-sass-compile-import',
9 verbose parsed spec   rawSpec: '',
9 verbose parsed spec   spec: '*',
9 verbose parsed spec   type: 'range' }
10 verbose addNamed [ 'grunt-sass-compile-import', '*' ]
11 verbose addNamed [ null, '*' ]
12 silly lockFile b623c746-grunt-sass-compile-import grunt-sass-compile-import@*
13 verbose lock grunt-sass-compile-import@* C:\Users\avx12\AppData\Roaming\npm-cache\b623c746-grunt-sass-compile-import.lock
14 silly addNameRange { name: 'grunt-sass-compile-import', range: '*', hasData: false }
15 verbose mapToRegistry name grunt-sass-compile-import
16 verbose mapToRegistry uri https://registry.npmjs.org/grunt-sass-compile-import
17 verbose request on initialization, where is /grunt-sass-compile-import
18 verbose request after pass 1, where is /grunt-sass-compile-import
19 verbose request url raw /grunt-sass-compile-import
20 verbose request resolving registry [ 'https://registry.npmjs.org/', './grunt-sass-compile-import' ]
21 verbose request after pass 2, where is https://registry.npmjs.org/grunt-sass-compile-import
22 verbose request no auth needed
23 info attempt registry request try #1 at 09:13:33
24 verbose request id 5d9b228e6bcb6c58
25 http request GET https://registry.npmjs.org/grunt-sass-compile-import
26 http 404 https://registry.npmjs.org/grunt-sass-compile-import
27 verbose headers { date: 'Fri, 24 Oct 2014 13:13:33 GMT',
27 verbose headers   server: 'CouchDB/1.5.0 (Erlang OTP/R16B03)',
27 verbose headers   'content-type': 'application/json',
27 verbose headers   'cache-control': 'max-age=0',
27 verbose headers   'content-length': '52',
27 verbose headers   'accept-ranges': 'bytes',
27 verbose headers   via: '1.1 varnish',
27 verbose headers   age: '0',
27 verbose headers   'x-served-by': 'cache-iad2129-IAD',
27 verbose headers   'x-cache': 'MISS',
27 verbose headers   'x-cache-hits': '0',
27 verbose headers   'x-timer': 'S1414156413.323057,VS0,VE90',
27 verbose headers   'keep-alive': 'timeout=10, max=50',
27 verbose headers   connection: 'Keep-Alive' }
28 silly registry.get cb [ 404,
28 silly registry.get   { date: 'Fri, 24 Oct 2014 13:13:33 GMT',
28 silly registry.get     server: 'CouchDB/1.5.0 (Erlang OTP/R16B03)',
28 silly registry.get     'content-type': 'application/json',
28 silly registry.get     'cache-control': 'max-age=0',
28 silly registry.get     'content-length': '52',
28 silly registry.get     'accept-ranges': 'bytes',
28 silly registry.get     via: '1.1 varnish',
28 silly registry.get     age: '0',
28 silly registry.get     'x-served-by': 'cache-iad2129-IAD',
28 silly registry.get     'x-cache': 'MISS',
28 silly registry.get     'x-cache-hits': '0',
28 silly registry.get     'x-timer': 'S1414156413.323057,VS0,VE90',
28 silly registry.get     'keep-alive': 'timeout=10, max=50',
28 silly registry.get     connection: 'Keep-Alive' } ]
29 silly lockFile b623c746-grunt-sass-compile-import grunt-sass-compile-import@*
30 silly lockFile b623c746-grunt-sass-compile-import grunt-sass-compile-import@*
31 verbose stack Error: 404 Not Found: grunt-sass-compile-import
31 verbose stack     at RegClient.<anonymous> (C:\Users\avx12\AppData\Roaming\npm\node_modules\npm\node_modules\npm-registry-client\lib\request.js:258:14)
31 verbose stack     at Request._callback (C:\Users\avx12\AppData\Roaming\npm\node_modules\npm\node_modules\npm-registry-client\lib\request.js:197:65)
31 verbose stack     at Request.self.callback (C:\Users\avx12\AppData\Roaming\npm\node_modules\npm\node_modules\request\request.js:237:22)
31 verbose stack     at Request.emit (events.js:98:17)
31 verbose stack     at Request.<anonymous> (C:\Users\avx12\AppData\Roaming\npm\node_modules\npm\node_modules\request\request.js:1146:14)
31 verbose stack     at Request.emit (events.js:117:20)
31 verbose stack     at IncomingMessage.<anonymous> (C:\Users\avx12\AppData\Roaming\npm\node_modules\npm\node_modules\request\request.js:1097:12)
31 verbose stack     at IncomingMessage.emit (events.js:117:20)
31 verbose stack     at _stream_readable.js:943:16
31 verbose stack     at process._tickCallback (node.js:419:13)
32 verbose statusCode 404
33 verbose pkgid grunt-sass-compile-import
34 verbose cwd C:\Users\avx12\Documents\GitHub\UI-Framework
35 error Windows_NT 6.1.7601
36 error argv "node" "C:\\Users\\avx12\\AppData\\Roaming\\npm\\node_modules\\npm\\bin\\npm-cli.js" "install" "grunt-sass-compile-import"
37 error node v0.10.32
38 error npm  v2.0.2
39 error code E404
40 error 404 Not Found: grunt-sass-compile-import
40 error 404
40 error 404 'grunt-sass-compile-import' is not in the npm registry.
40 error 404 You should bug the author to publish it (or use the name yourself!)
40 error 404 It was specified as a dependency of 'uiFramework'
40 error 404
40 error 404 Note that you can also install from a
40 error 404 tarball, folder, http url, or git url.
41 verbose exit [ 1, true ]
